0 verbose cli /usr/local/bin/node /usr/local/bin/npm
1 info using npm@10.8.1
2 info using node@v20.14.0
3 silly config load:file:/usr/local/lib/node_modules/npm/npmrc
4 silly config load:file:/home/container/.npmrc
5 silly config load:file:/usr/local/etc/npmrc
6 verbose title npm install
7 verbose argv "install"
8 verbose logfile logs-max:10 dir:/home/container/.npm/_logs/2024-06-28T23_27_45_362Z-
9 verbose logfile /home/container/.npm/_logs/2024-06-28T23_27_45_362Z-debug-0.log
10 silly packumentCache heap:1268776960 maxSize:317194240 maxEntrySize:158597120
11 silly logfile start cleaning logs, removing 1 files
12 silly logfile done cleaning log files
13 silly idealTree buildDeps
14 silly reify moves {}
15 silly audit bulk request {
15 silly audit   '@discordjs/builders': [ '1.8.2' ],
15 silly audit   'discord-api-types': [ '0.37.83', '0.37.90', '0.26.1' ],
15 silly audit   '@discordjs/collection': [ '2.1.0', '1.5.3' ],
15 silly audit   '@discordjs/formatters': [ '0.4.0' ],
15 silly audit   '@discordjs/rest': [ '1.7.1', '2.3.0' ],
15 silly audit   '@discordjs/util': [ '0.3.1', '1.1.0' ],
15 silly audit   undici: [ '5.28.4', '6.13.0' ],
15 silly audit   '@discordjs/ws': [ '1.1.1' ],
15 silly audit   '@fastify/busboy': [ '2.1.1' ],
15 silly audit   '@sapphire/async-queue': [ '1.5.2' ],
15 silly audit   '@sapphire/shapeshift': [ '3.9.7' ],
15 silly audit   '@sapphire/snowflake': [ '3.5.3' ],
15 silly audit   '@tokenizer/token': [ '0.3.0' ],
15 silly audit   '@types/node': [ '20.14.8' ],
15 silly audit   '@types/ws': [ '8.5.10' ],
15 silly audit   '@vladfrangu/async_event_emitter': [ '2.3.0' ],
15 silly audit   asynckit: [ '0.4.0' ],
15 silly audit   axios: [ '1.7.2' ],
15 silly audit   'combined-stream': [ '1.0.8' ],
15 silly audit   'delayed-stream': [ '1.0.0' ],
15 silly audit   'discord.js': [ '14.15.3' ],
15 silly audit   tslib: [ '2.6.2', '2.6.3' ],
15 silly audit   'fast-deep-equal': [ '3.1.3' ],
15 silly audit   'file-type': [ '18.7.0' ],
15 silly audit   'follow-redirects': [ '1.15.6' ],
15 silly audit   'form-data': [ '4.0.0' ],
15 silly audit   ieee754: [ '1.2.1' ],
15 silly audit   inherits: [ '2.0.4' ],
15 silly audit   lodash: [ '4.17.21' ],
15 silly audit   'lodash.snakecase': [ '4.1.1' ],
15 silly audit   'magic-bytes.js': [ '1.10.0' ],
15 silly audit   'mime-db': [ '1.52.0' ],
15 silly audit   'mime-types': [ '2.1.35' ],
15 silly audit   'peek-readable': [ '5.0.0' ],
15 silly audit   'proxy-from-env': [ '1.1.0' ],
15 silly audit   'readable-stream': [ '3.6.2' ],
15 silly audit   'readable-web-to-node-stream': [ '3.0.2' ],
15 silly audit   'safe-buffer': [ '5.2.1' ],
15 silly audit   string_decoder: [ '1.3.0' ],
15 silly audit   strtok3: [ '7.0.0' ],
15 silly audit   'token-types': [ '5.0.1' ],
15 silly audit   'ts-mixer': [ '6.0.4' ],
15 silly audit   'undici-types': [ '5.26.5' ],
15 silly audit   'util-deprecate': [ '1.0.2' ],
15 silly audit   ws: [ '8.17.1' ]
15 silly audit }
16 http fetch POST 200 https://registry.npmjs.org/-/npm/v1/security/advisories/bulk 372ms
17 silly audit report {}
18 verbose cwd /home/container
19 verbose os Linux 5.15.0-112-generic
20 verbose node v20.14.0
21 verbose npm  v10.8.1
22 verbose exit 0
23 info ok
