0 verbose cli /usr/local/bin/node /usr/local/bin/npm
1 info using npm@10.8.1
2 info using node@v20.14.0
3 silly config load:file:/usr/local/lib/node_modules/npm/npmrc
4 silly config load:file:/home/container/.npmrc
5 silly config load:file:/usr/local/etc/npmrc
6 verbose title npm install discord.js@latest discord.js @discordjs/rest discord-api-types
7 verbose argv "install" "discord.js@latest" "discord.js" "@discordjs/rest" "discord-api-types"
8 verbose logfile logs-max:10 dir:/home/container/.npm/_logs/2024-06-28T23_21_31_298Z-
9 verbose logfile /home/container/.npm/_logs/2024-06-28T23_21_31_298Z-debug-0.log
10 silly packumentCache heap:1268776960 maxSize:317194240 maxEntrySize:158597120
11 silly logfile start cleaning logs, removing 1 files
12 silly logfile done cleaning log files
13 silly packumentCache corgi:https://registry.npmjs.org/discord.js cache-miss
14 http fetch GET 200 https://registry.npmjs.org/discord.js 81ms (cache hit)
15 silly packumentCache corgi:https://registry.npmjs.org/discord.js set size:3283966 disposed:false
16 silly idealTree buildDeps
17 silly fetch manifest @discordjs/rest@^1.7.1
18 silly packumentCache full:https://registry.npmjs.org/@discordjs%2frest cache-miss
19 http fetch GET 200 https://registry.npmjs.org/@discordjs%2frest 118ms (cache hit)
20 silly packumentCache full:https://registry.npmjs.org/@discordjs%2frest set size:5315348 disposed:false
21 silly fetch manifest discord-api-types@^0.26.1
22 silly packumentCache full:https://registry.npmjs.org/discord-api-types cache-miss
23 http fetch GET 200 https://registry.npmjs.org/discord-api-types 120ms (cache hit)
24 silly packumentCache full:https://registry.npmjs.org/discord-api-types set size:9958372 disposed:false
25 silly fetch manifest discord.js@14.15.3
26 silly packumentCache full:https://registry.npmjs.org/discord.js cache-miss
27 http fetch GET 200 https://registry.npmjs.org/discord.js 181ms (cache hit)
28 silly packumentCache full:https://registry.npmjs.org/discord.js set size:9622011 disposed:false
29 silly placeDep ROOT @discordjs/rest@1.7.1 REPLACE for: Blackpvp-Bot@1.0.0 want: ^1.7.1
30 silly placeDep ROOT discord-api-types@0.26.1 REPLACE for: Blackpvp-Bot@1.0.0 want: ^0.26.1
31 silly placeDep ROOT discord.js@14.15.3 REPLACE for: Blackpvp-Bot@1.0.0 want: 14.15.3
32 silly reify moves {}
33 silly audit bulk request {
33 silly audit   '@discordjs/builders': [ '1.8.2' ],
33 silly audit   'discord-api-types': [ '0.37.83', '0.37.90', '0.26.1' ],
33 silly audit   '@discordjs/collection': [ '2.1.0', '1.5.3' ],
33 silly audit   '@discordjs/formatters': [ '0.4.0' ],
33 silly audit   '@discordjs/rest': [ '2.3.0', '1.7.1' ],
33 silly audit   '@discordjs/util': [ '1.1.0', '0.3.1' ],
33 silly audit   undici: [ '6.13.0', '5.28.4' ],
33 silly audit   '@discordjs/ws': [ '1.1.1' ],
33 silly audit   '@fastify/busboy': [ '2.1.1' ],
33 silly audit   '@sapphire/async-queue': [ '1.5.2' ],
33 silly audit   '@sapphire/shapeshift': [ '3.9.7' ],
33 silly audit   '@sapphire/snowflake': [ '3.5.3' ],
33 silly audit   '@tokenizer/token': [ '0.3.0' ],
33 silly audit   '@types/node': [ '20.14.8' ],
33 silly audit   '@types/ws': [ '8.5.10' ],
33 silly audit   '@vladfrangu/async_event_emitter': [ '2.3.0' ],
33 silly audit   tslib: [ '2.6.3', '2.6.2' ],
33 silly audit   'fast-deep-equal': [ '3.1.3' ],
33 silly audit   'file-type': [ '18.7.0' ],
33 silly audit   ieee754: [ '1.2.1' ],
33 silly audit   inherits: [ '2.0.4' ],
33 silly audit   lodash: [ '4.17.21' ],
33 silly audit   'lodash.snakecase': [ '4.1.1' ],
33 silly audit   'magic-bytes.js': [ '1.10.0' ],
33 silly audit   'peek-readable': [ '5.0.0' ],
33 silly audit   'readable-stream': [ '3.6.2' ],
33 silly audit   'readable-web-to-node-stream': [ '3.0.2' ],
33 silly audit   'safe-buffer': [ '5.2.1' ],
33 silly audit   string_decoder: [ '1.3.0' ],
33 silly audit   strtok3: [ '7.0.0' ],
33 silly audit   'token-types': [ '5.0.1' ],
33 silly audit   'ts-mixer': [ '6.0.4' ],
33 silly audit   'undici-types': [ '5.26.5' ],
33 silly audit   'util-deprecate': [ '1.0.2' ],
33 silly audit   ws: [ '8.17.1' ],
33 silly audit   'discord.js': [ '14.15.3' ]
33 silly audit }
34 http fetch POST 200 https://registry.npmjs.org/-/npm/v1/security/advisories/bulk 431ms
35 silly audit report {}
36 verbose cwd /home/container
37 verbose os Linux 5.15.0-112-generic
38 verbose node v20.14.0
39 verbose npm  v10.8.1
40 verbose exit 0
41 info ok
